Using pre-set license

 COMMAND LINE ARGUMENTS:
/Applications/Unity/Hub/Editor/2020.2.4f1/Unity.app/Contents/MacOS/Unity
-adb2
-batchMode
-noUpm
-name
AssetImportWorker0
-projectPath
/Users/alpha/Projects/PhaseJumpPro/Phase Jump
-logFile
Logs/AssetImportWorker0.log
-srvPort
58479
Successfully changed project path to: /Users/alpha/Projects/PhaseJumpPro/Phase Jump
/Users/alpha/Projects/PhaseJumpPro/Phase Jump
Using Asset Import Pipeline V2.
Refreshing native plugins compatible for Editor in 40.62 ms, found 1 plugins.
Preloading 0 native plugins for Editor in 0.00 ms.
Initialize engine version: 2020.2.4f1 (becced5a802b)
[Subsystems] Discovering subsystems at path /Applications/Unity/Hub/Editor/2020.2.4f1/Unity.app/Contents/Resources/UnitySubsystems
[Subsystems] Discovering subsystems at path /Users/alpha/Projects/PhaseJumpPro/Phase Jump/Assets
GfxDevice: creating device client; threaded=0
2021-02-16 23:03:53.280 Unity[99211:1870087] LG UltraFine preferred device: AMD Radeon Pro 5600M (high power)
2021-02-16 23:03:53.280 Unity[99211:1870087] Metal devices available: 2
2021-02-16 23:03:53.280 Unity[99211:1870087] 0: AMD Radeon Pro 5600M (high power)
2021-02-16 23:03:53.280 Unity[99211:1870087] 1: Intel(R) UHD Graphics 630 (low power)
2021-02-16 23:03:53.280 Unity[99211:1870087] Using device AMD Radeon Pro 5600M (high power)
Initializing Metal device caps: AMD Radeon Pro 5600M
Initialize mono
Mono path[0] = '/Applications/Unity/Hub/Editor/2020.2.4f1/Unity.app/Contents/Managed'
Mono path[1] = '/Applications/Unity/Hub/Editor/2020.2.4f1/Unity.app/Contents/MonoBleedingEdge/lib/mono/unityjit'
Mono config path = '/Applications/Unity/Hub/Editor/2020.2.4f1/Unity.app/Contents/MonoBleedingEdge/etc'
Using monoOptions --debugger-agent=transport=dt_socket,embedding=1,server=y,suspend=n,address=127.0.0.1:56211
Begin MonoManager ReloadAssembly
Registering precompiled unity dll's ...
Register platform support module: /Applications/Unity/Hub/Editor/2020.2.4f1/PlaybackEngines/WebGLSupport/UnityEditor.WebGL.Extensions.dll
Register platform support module: /Applications/Unity/Hub/Editor/2020.2.4f1/Unity.app/Contents/PlaybackEngines/MacStandaloneSupport/UnityEditor.OSXStandalone.Extensions.dll
Registered in 0.000778 seconds.
Native extension for OSXStandalone target not found
Native extension for WebGL target not found
Refreshing native plugins compatible for Editor in 37.48 ms, found 1 plugins.
Preloading 0 native plugins for Editor in 0.00 ms.
Invoked RoslynAnalysisRunner static constructor.
RoslynAnalysisRunner will not be running.
RoslynAnalysisRunner has terminated.
Mono: successfully reloaded assembly
- Completed reload, in  2.587 seconds
Platform modules already initialized, skipping
Registering precompiled user dll's ...
Registered in 0.002360 seconds.
Begin MonoManager ReloadAssembly
Native extension for OSXStandalone target not found
Native extension for WebGL target not found
Refreshing native plugins compatible for Editor in 1.09 ms, found 1 plugins.
Preloading 0 native plugins for Editor in 0.00 ms.
Invoked RoslynAnalysisRunner static constructor.
RoslynAnalysisRunner will not be running.
RoslynAnalysisRunner has terminated.
Mono: successfully reloaded assembly
- Completed reload, in  1.211 seconds
Platform modules already initialized, skipping
========================================================================
Worker process is ready to serve import requests
Launching external process: /Applications/Unity/Hub/Editor/2020.2.4f1/Unity.app/Contents/Tools/UnityShaderCompiler
Launched and connected shader compiler UnityShaderCompiler after 0.01 seconds
Refreshing native plugins compatible for Editor in 0.40 ms, found 1 plugins.
Preloading 0 native plugins for Editor in 0.00 ms.
Unloading 1662 Unused Serialized files (Serialized files now loaded: 0)
System memory in use before: 131.0 MB.
System memory in use after: 131.1 MB.

Unloading 37 unused Assets to reduce memory usage. Loaded Objects now: 2086.
Total: 2.111193 ms (FindLiveObjects: 0.239673 ms CreateObjectMapping: 0.090959 ms MarkObjects: 1.699536 ms  DeleteObjects: 0.079862 ms)

========================================================================
Received Import Request.
  path: Assets/scripts/Human.cs
  artifactKey: Guid(20340c9b2f0754cf5b0ef0129e7487eb) Importer(815301076,1909f56bfc062723c751e8b465ee728b)
Start importing Assets/scripts/Human.cs using Guid(20340c9b2f0754cf5b0ef0129e7487eb) Importer(815301076,1909f56bfc062723c751e8b465ee728b)  -> (artifact id: 'f7b824cdacec5c741fb1693aa52c0a09') in 0.577469 seconds
  Import took 0.579948 seconds .

========================================================================
Received Import Request.
  Time since last request: 89.999675 seconds.
  path: Assets/scripts/Human.cs
  artifactKey: Guid(20340c9b2f0754cf5b0ef0129e7487eb) Importer(815301076,1909f56bfc062723c751e8b465ee728b)
Start importing Assets/scripts/Human.cs using Guid(20340c9b2f0754cf5b0ef0129e7487eb) Importer(815301076,1909f56bfc062723c751e8b465ee728b)  -> (artifact id: '8164070ac2be71018b5992e65a0384d8') in 0.003871 seconds
  Import took 0.006752 seconds .

========================================================================
Received Prepare
Registering precompiled user dll's ...
Registered in 0.001556 seconds.
Begin MonoManager ReloadAssembly
Native extension for OSXStandalone target not found
Native extension for WebGL target not found
Refreshing native plugins compatible for Editor in 0.36 ms, found 1 plugins.
Preloading 0 native plugins for Editor in 0.00 ms.
Invoked RoslynAnalysisRunner static constructor.
RoslynAnalysisRunner will not be running.
RoslynAnalysisRunner has terminated.
Mono: successfully reloaded assembly
- Completed reload, in  0.902 seconds
Platform modules already initialized, skipping
Refreshing native plugins compatible for Editor in 0.44 ms, found 1 plugins.
Preloading 0 native plugins for Editor in 0.00 ms.
Unloading 1651 Unused Serialized files (Serialized files now loaded: 0)
System memory in use before: 135.0 MB.
System memory in use after: 135.1 MB.

Unloading 28 unused Assets to reduce memory usage. Loaded Objects now: 2088.
Total: 1.580547 ms (FindLiveObjects: 0.171896 ms CreateObjectMapping: 0.047337 ms MarkObjects: 1.343668 ms  DeleteObjects: 0.016608 ms)

========================================================================
Received Import Request.
  Time since last request: 33.056757 seconds.
  path: Assets/scenes/Shaders.unity
  artifactKey: Guid(f7a10c56ed1cb4ddeb67418ffb778deb) Importer(815301076,1909f56bfc062723c751e8b465ee728b)
Start importing Assets/scenes/Shaders.unity using Guid(f7a10c56ed1cb4ddeb67418ffb778deb) Importer(815301076,1909f56bfc062723c751e8b465ee728b)  -> (artifact id: 'f1d5fc268ca206f8d0c260fb85715cb6') in 0.011200 seconds
  Import took 0.013643 seconds .

========================================================================
Received Prepare
Registering precompiled user dll's ...
Registered in 0.001462 seconds.
Begin MonoManager ReloadAssembly
Native extension for OSXStandalone target not found
Native extension for WebGL target not found
Refreshing native plugins compatible for Editor in 0.56 ms, found 1 plugins.
Preloading 0 native plugins for Editor in 0.00 ms.
Invoked RoslynAnalysisRunner static constructor.
RoslynAnalysisRunner will not be running.
RoslynAnalysisRunner has terminated.
Mono: successfully reloaded assembly
- Completed reload, in  1.049 seconds
Platform modules already initialized, skipping
Refreshing native plugins compatible for Editor in 0.64 ms, found 1 plugins.
Preloading 0 native plugins for Editor in 0.00 ms.
Unloading 1651 Unused Serialized files (Serialized files now loaded: 0)
System memory in use before: 135.3 MB.
System memory in use after: 135.4 MB.

Unloading 28 unused Assets to reduce memory usage. Loaded Objects now: 2090.
Total: 1.667277 ms (FindLiveObjects: 0.158081 ms CreateObjectMapping: 0.052980 ms MarkObjects: 1.434783 ms  DeleteObjects: 0.020463 ms)

========================================================================
Received Prepare
Registering precompiled user dll's ...
Registered in 0.001448 seconds.
Begin MonoManager ReloadAssembly
Native extension for OSXStandalone target not found
Native extension for WebGL target not found
Refreshing native plugins compatible for Editor in 0.41 ms, found 1 plugins.
Preloading 0 native plugins for Editor in 0.00 ms.
Invoked RoslynAnalysisRunner static constructor.
RoslynAnalysisRunner will not be running.
RoslynAnalysisRunner has terminated.
Mono: successfully reloaded assembly
- Completed reload, in  1.047 seconds
Platform modules already initialized, skipping
Refreshing native plugins compatible for Editor in 0.41 ms, found 1 plugins.
Preloading 0 native plugins for Editor in 0.00 ms.
Unloading 1651 Unused Serialized files (Serialized files now loaded: 0)
System memory in use before: 135.5 MB.
System memory in use after: 135.6 MB.

Unloading 28 unused Assets to reduce memory usage. Loaded Objects now: 2092.
Total: 1.688110 ms (FindLiveObjects: 0.196466 ms CreateObjectMapping: 0.051860 ms MarkObjects: 1.424214 ms  DeleteObjects: 0.014639 ms)

